c:\users\lly\documents\vsproject\kengine\bin-int\debug-windows-x86_64\kengine\vc143.pdb
c:\users\lly\documents\vsproject\kengine\bin-int\debug-windows-x86_64\kengine\vc143.idb
c:\users\lly\documents\vs project\kengine\bin-int\debug-windows-x86_64\kengine\kengine.pch
c:\users\lly\documents\vs project\kengine\bin-int\debug-windows-x86_64\kengine\vc143.pdb
c:\users\lly\documents\vs project\kengine\bin-int\debug-windows-x86_64\kengine\vc143.idb
c:\users\lly\documents\vs project\kengine\bin-int\debug-windows-x86_64\kengine\kepch.obj
c:\users\lly\documents\vs project\kengine\bin-int\debug-windows-x86_64\kengine\window.obj
c:\users\lly\documents\vs project\kengine\bin-int\debug-windows-x86_64\kengine\windowswindow.obj
c:\users\lly\documents\vs project\kengine\bin-int\debug-windows-x86_64\kengine\imgui_impl_opengl3.obj
c:\users\lly\documents\vs project\kengine\bin-int\debug-windows-x86_64\kengine\log.obj
c:\users\lly\documents\vs project\kengine\bin-int\debug-windows-x86_64\kengine\layerstack.obj
c:\users\lly\documents\vs project\kengine\bin-int\debug-windows-x86_64\kengine\layer.obj
c:\users\lly\documents\vs project\kengine\bin-int\debug-windows-x86_64\kengine\imguilayer.obj
c:\users\lly\documents\vs project\kengine\bin-int\debug-windows-x86_64\kengine\application.obj
c:\users\lly\documents\vs project\kengine\bin\debug-windows-x86_64\kengine\kengine.dll
c:\users\lly\documents\vs project\kengine\bin\debug-windows-x86_64\kengine\kengine.pdb
c:\users\lly\documents\vs project\kengine\bin\debug-windows-x86_64\kengine\kengine.lib
c:\users\lly\documents\vs project\kengine\bin\debug-windows-x86_64\kengine\kengine.exp
c:\users\lly\documents\vs project\kengine\bin-int\debug-windows-x86_64\kengine\kengine.ilk
c:\users\lly\documents\vs project\kengine\kengine\..\bin\debug-windows-x86_64\kengine\kengine.pdb
c:\users\lly\documents\vs project\kengine\kengine\..\bin-int\debug-windows-x86_64\kengine\kengine.vcxproj.filelistabsolute.txt
c:\users\lly\documents\vs project\kengine\bin-int\debug-windows-x86_64\kengine\kengine.tlog\cl.command.1.tlog
c:\users\lly\documents\vs project\kengine\bin-int\debug-windows-x86_64\kengine\kengine.tlog\cl.items.tlog
c:\users\lly\documents\vs project\kengine\bin-int\debug-windows-x86_64\kengine\kengine.tlog\cl.read.1.tlog
c:\users\lly\documents\vs project\kengine\bin-int\debug-windows-x86_64\kengine\kengine.tlog\cl.write.1.tlog
c:\users\lly\documents\vs project\kengine\bin-int\debug-windows-x86_64\kengine\kengine.tlog\link.command.1.tlog
c:\users\lly\documents\vs project\kengine\bin-int\debug-windows-x86_64\kengine\kengine.tlog\link.read.1.tlog
c:\users\lly\documents\vs project\kengine\bin-int\debug-windows-x86_64\kengine\kengine.tlog\link.secondary.1.tlog
c:\users\lly\documents\vs project\kengine\bin-int\debug-windows-x86_64\kengine\kengine.tlog\link.write.1.tlog
